INFO:root:Connecting to tracker at: http://tracker.tfile.co:80/announce?info_hash=4%2Fo%0D%A5.%82d%3D%B2%CF9%FA%F9%DC%A2r2%10%FF&peer_id=-PC0001-538915519210&port=6889&uploaded=0&downloaded=0&left=8523485271&compact=1
INFO:root:Connecting to tracker at: https://torrent.ubuntu.com/announce?info_hash=%91%9BQ%FDY%CE%00%EDJS%A7%8Euz%2AwG%E9%99%80&peer_id=-PC0001-336207281197&port=6889&uploaded=0&downloaded=0&left=879366144&compact=1
ERROR:asyncio:Unclosed client session
client_session: <aiohttp.client.ClientSession object at 0x7fd6eff33c70>
ERROR:asyncio:Task was destroyed but it is pending!
task: <Task pending name='Task-41' coro=<PeerConnection._start() running at /home/liliu/Desktop/bittorrent/multi_file_pieces/pieces/protocol.py:91> wait_for=<Future pending cb=[Task.task_wakeup()]>>
ERROR:asyncio:Task was destroyed but it is pending!
task: <Task pending name='Task-40' coro=<PeerConnection._start() running at /home/liliu/Desktop/bittorrent/multi_file_pieces/pieces/protocol.py:91> wait_for=<Future pending cb=[Task.task_wakeup()]>>
ERROR:asyncio:Task was destroyed but it is pending!
task: <Task pending name='Task-39' coro=<PeerConnection._start() running at /home/liliu/Desktop/bittorrent/multi_file_pieces/pieces/protocol.py:91> wait_for=<Future pending cb=[Task.task_wakeup()]>>
ERROR:asyncio:Task was destroyed but it is pending!
task: <Task pending name='Task-38' coro=<PeerConnection._start() running at /home/liliu/Desktop/bittorrent/multi_file_pieces/pieces/protocol.py:91> wait_for=<Future pending cb=[Task.task_wakeup()]>>
ERROR:asyncio:Task was destroyed but it is pending!
task: <Task pending name='Task-37' coro=<PeerConnection._start() running at /home/liliu/Desktop/bittorrent/multi_file_pieces/pieces/protocol.py:91> wait_for=<Future pending cb=[Task.task_wakeup()]>>
ERROR:asyncio:Task was destroyed but it is pending!
task: <Task pending name='Task-36' coro=<PeerConnection._start() running at /home/liliu/Desktop/bittorrent/multi_file_pieces/pieces/protocol.py:91> wait_for=<Future pending cb=[Task.task_wakeup()]>>
ERROR:asyncio:Task was destroyed but it is pending!
task: <Task pending name='Task-35' coro=<PeerConnection._start() running at /home/liliu/Desktop/bittorrent/multi_file_pieces/pieces/protocol.py:91> wait_for=<Future pending cb=[Task.task_wakeup()]>>
ERROR:asyncio:Task was destroyed but it is pending!
task: <Task pending name='Task-34' coro=<PeerConnection._start() running at /home/liliu/Desktop/bittorrent/multi_file_pieces/pieces/protocol.py:91> wait_for=<Future pending cb=[Task.task_wakeup()]>>
ERROR:asyncio:Task was destroyed but it is pending!
task: <Task pending name='Task-33' coro=<PeerConnection._start() running at /home/liliu/Desktop/bittorrent/multi_file_pieces/pieces/protocol.py:91> wait_for=<Future pending cb=[Task.task_wakeup()]>>
ERROR:asyncio:Task was destroyed but it is pending!
task: <Task pending name='Task-32' coro=<PeerConnection._start() running at /home/liliu/Desktop/bittorrent/multi_file_pieces/pieces/protocol.py:91> wait_for=<Future pending cb=[Task.task_wakeup()]>>
ERROR:asyncio:Task was destroyed but it is pending!
task: <Task pending name='Task-31' coro=<PeerConnection._start() running at /home/liliu/Desktop/bittorrent/multi_file_pieces/pieces/protocol.py:91> wait_for=<Future pending cb=[Task.task_wakeup()]>>
ERROR:asyncio:Task was destroyed but it is pending!
task: <Task pending name='Task-30' coro=<PeerConnection._start() running at /home/liliu/Desktop/bittorrent/multi_file_pieces/pieces/protocol.py:91> wait_for=<Future pending cb=[Task.task_wakeup()]>>
ERROR:asyncio:Task was destroyed but it is pending!
task: <Task pending name='Task-29' coro=<PeerConnection._start() running at /home/liliu/Desktop/bittorrent/multi_file_pieces/pieces/protocol.py:91> wait_for=<Future pending cb=[Task.task_wakeup()]>>
ERROR:asyncio:Task was destroyed but it is pending!
task: <Task pending name='Task-28' coro=<PeerConnection._start() running at /home/liliu/Desktop/bittorrent/multi_file_pieces/pieces/protocol.py:91> wait_for=<Future pending cb=[Task.task_wakeup()]>>
ERROR:asyncio:Task was destroyed but it is pending!
task: <Task pending name='Task-27' coro=<PeerConnection._start() running at /home/liliu/Desktop/bittorrent/multi_file_pieces/pieces/protocol.py:91> wait_for=<Future pending cb=[Task.task_wakeup()]>>
ERROR:asyncio:Task was destroyed but it is pending!
task: <Task pending name='Task-26' coro=<PeerConnection._start() running at /home/liliu/Desktop/bittorrent/multi_file_pieces/pieces/protocol.py:91> wait_for=<Future pending cb=[Task.task_wakeup()]>>
ERROR:asyncio:Task was destroyed but it is pending!
task: <Task pending name='Task-25' coro=<PeerConnection._start() running at /home/liliu/Desktop/bittorrent/multi_file_pieces/pieces/protocol.py:91> wait_for=<Future pending cb=[Task.task_wakeup()]>>
ERROR:asyncio:Task was destroyed but it is pending!
task: <Task pending name='Task-24' coro=<PeerConnection._start() running at /home/liliu/Desktop/bittorrent/multi_file_pieces/pieces/protocol.py:91> wait_for=<Future pending cb=[Task.task_wakeup()]>>
ERROR:asyncio:Task was destroyed but it is pending!
task: <Task pending name='Task-23' coro=<PeerConnection._start() running at /home/liliu/Desktop/bittorrent/multi_file_pieces/pieces/protocol.py:91> wait_for=<Future pending cb=[Task.task_wakeup()]>>
ERROR:asyncio:Task was destroyed but it is pending!
task: <Task pending name='Task-22' coro=<PeerConnection._start() running at /home/liliu/Desktop/bittorrent/multi_file_pieces/pieces/protocol.py:91> wait_for=<Future pending cb=[Task.task_wakeup()]>>
ERROR:asyncio:Task was destroyed but it is pending!
task: <Task pending name='Task-21' coro=<PeerConnection._start() running at /home/liliu/Desktop/bittorrent/multi_file_pieces/pieces/protocol.py:91> wait_for=<Future pending cb=[Task.task_wakeup()]>>
ERROR:asyncio:Task was destroyed but it is pending!
task: <Task pending name='Task-20' coro=<PeerConnection._start() running at /home/liliu/Desktop/bittorrent/multi_file_pieces/pieces/protocol.py:91> wait_for=<Future pending cb=[Task.task_wakeup()]>>
ERROR:asyncio:Task was destroyed but it is pending!
task: <Task pending name='Task-19' coro=<PeerConnection._start() running at /home/liliu/Desktop/bittorrent/multi_file_pieces/pieces/protocol.py:91> wait_for=<Future pending cb=[Task.task_wakeup()]>>
ERROR:asyncio:Task was destroyed but it is pending!
task: <Task pending name='Task-18' coro=<PeerConnection._start() running at /home/liliu/Desktop/bittorrent/multi_file_pieces/pieces/protocol.py:91> wait_for=<Future pending cb=[Task.task_wakeup()]>>
ERROR:asyncio:Task was destroyed but it is pending!
task: <Task pending name='Task-17' coro=<PeerConnection._start() running at /home/liliu/Desktop/bittorrent/multi_file_pieces/pieces/protocol.py:91> wait_for=<Future pending cb=[Task.task_wakeup()]>>
ERROR:asyncio:Task was destroyed but it is pending!
task: <Task pending name='Task-16' coro=<PeerConnection._start() running at /home/liliu/Desktop/bittorrent/multi_file_pieces/pieces/protocol.py:91> wait_for=<Future pending cb=[Task.task_wakeup()]>>
ERROR:asyncio:Task was destroyed but it is pending!
task: <Task pending name='Task-15' coro=<PeerConnection._start() running at /home/liliu/Desktop/bittorrent/multi_file_pieces/pieces/protocol.py:91> wait_for=<Future pending cb=[Task.task_wakeup()]>>
ERROR:asyncio:Task was destroyed but it is pending!
task: <Task pending name='Task-14' coro=<PeerConnection._start() running at /home/liliu/Desktop/bittorrent/multi_file_pieces/pieces/protocol.py:91> wait_for=<Future pending cb=[Task.task_wakeup()]>>
ERROR:asyncio:Task was destroyed but it is pending!
task: <Task pending name='Task-13' coro=<PeerConnection._start() running at /home/liliu/Desktop/bittorrent/multi_file_pieces/pieces/protocol.py:91> wait_for=<Future pending cb=[Task.task_wakeup()]>>
ERROR:asyncio:Task was destroyed but it is pending!
task: <Task pending name='Task-12' coro=<PeerConnection._start() running at /home/liliu/Desktop/bittorrent/multi_file_pieces/pieces/protocol.py:91> wait_for=<Future pending cb=[Task.task_wakeup()]>>
ERROR:asyncio:Task was destroyed but it is pending!
task: <Task pending name='Task-11' coro=<PeerConnection._start() running at /home/liliu/Desktop/bittorrent/multi_file_pieces/pieces/protocol.py:91> wait_for=<Future pending cb=[Task.task_wakeup()]>>
ERROR:asyncio:Task was destroyed but it is pending!
task: <Task pending name='Task-10' coro=<PeerConnection._start() running at /home/liliu/Desktop/bittorrent/multi_file_pieces/pieces/protocol.py:91> wait_for=<Future pending cb=[Task.task_wakeup()]>>
ERROR:asyncio:Task was destroyed but it is pending!
task: <Task pending name='Task-9' coro=<PeerConnection._start() running at /home/liliu/Desktop/bittorrent/multi_file_pieces/pieces/protocol.py:91> wait_for=<Future pending cb=[Task.task_wakeup()]>>
ERROR:asyncio:Task was destroyed but it is pending!
task: <Task pending name='Task-8' coro=<PeerConnection._start() running at /home/liliu/Desktop/bittorrent/multi_file_pieces/pieces/protocol.py:91> wait_for=<Future pending cb=[Task.task_wakeup()]>>
ERROR:asyncio:Task was destroyed but it is pending!
task: <Task pending name='Task-7' coro=<PeerConnection._start() running at /home/liliu/Desktop/bittorrent/multi_file_pieces/pieces/protocol.py:91> wait_for=<Future pending cb=[Task.task_wakeup()]>>
ERROR:asyncio:Task was destroyed but it is pending!
task: <Task pending name='Task-6' coro=<PeerConnection._start() running at /home/liliu/Desktop/bittorrent/multi_file_pieces/pieces/protocol.py:91> wait_for=<Future pending cb=[Task.task_wakeup()]>>
ERROR:asyncio:Task was destroyed but it is pending!
task: <Task pending name='Task-5' coro=<PeerConnection._start() running at /home/liliu/Desktop/bittorrent/multi_file_pieces/pieces/protocol.py:91> wait_for=<Future pending cb=[Task.task_wakeup()]>>
ERROR:asyncio:Task was destroyed but it is pending!
task: <Task pending name='Task-4' coro=<PeerConnection._start() running at /home/liliu/Desktop/bittorrent/multi_file_pieces/pieces/protocol.py:91> wait_for=<Future pending cb=[Task.task_wakeup()]>>
ERROR:asyncio:Task was destroyed but it is pending!
task: <Task pending name='Task-3' coro=<PeerConnection._start() running at /home/liliu/Desktop/bittorrent/multi_file_pieces/pieces/protocol.py:91> wait_for=<Future pending cb=[Task.task_wakeup()]>>
ERROR:asyncio:Task was destroyed but it is pending!
task: <Task pending name='Task-2' coro=<PeerConnection._start() running at /home/liliu/Desktop/bittorrent/multi_file_pieces/pieces/protocol.py:91> wait_for=<Future pending cb=[Task.task_wakeup()]>>
ERROR:asyncio:Unclosed connector
connections: ['[(<aiohttp.client_proto.ResponseHandler object at 0x7fd6efacf820>, 5981.679760898)]']
connector: <aiohttp.connector.TCPConnector object at 0x7fd6eff33af0>
INFO:root:Connecting to tracker at: https://torrent.ubuntu.com/announce?info_hash=%91%9BQ%FDY%CE%00%EDJS%A7%8Euz%2AwG%E9%99%80&peer_id=-PC0001-510297313573&port=6889&uploaded=0&downloaded=0&left=879366144&compact=1
ERROR:asyncio:Unclosed client session
client_session: <aiohttp.client.ClientSession object at 0x7f7cf6173ca0>
ERROR:asyncio:Task was destroyed but it is pending!
task: <Task pending name='Task-41' coro=<PeerConnection._start() running at /home/liliu/Desktop/bittorrent/multi_file_pieces/pieces/protocol.py:91> wait_for=<Future pending cb=[Task.task_wakeup()]>>
ERROR:asyncio:Task was destroyed but it is pending!
task: <Task pending name='Task-40' coro=<PeerConnection._start() running at /home/liliu/Desktop/bittorrent/multi_file_pieces/pieces/protocol.py:91> wait_for=<Future pending cb=[Task.task_wakeup()]>>
ERROR:asyncio:Task was destroyed but it is pending!
task: <Task pending name='Task-39' coro=<PeerConnection._start() running at /home/liliu/Desktop/bittorrent/multi_file_pieces/pieces/protocol.py:91> wait_for=<Future pending cb=[Task.task_wakeup()]>>
ERROR:asyncio:Task was destroyed but it is pending!
task: <Task pending name='Task-38' coro=<PeerConnection._start() running at /home/liliu/Desktop/bittorrent/multi_file_pieces/pieces/protocol.py:91> wait_for=<Future pending cb=[Task.task_wakeup()]>>
ERROR:asyncio:Task was destroyed but it is pending!
task: <Task pending name='Task-37' coro=<PeerConnection._start() running at /home/liliu/Desktop/bittorrent/multi_file_pieces/pieces/protocol.py:91> wait_for=<Future pending cb=[Task.task_wakeup()]>>
ERROR:asyncio:Task was destroyed but it is pending!
task: <Task pending name='Task-36' coro=<PeerConnection._start() running at /home/liliu/Desktop/bittorrent/multi_file_pieces/pieces/protocol.py:91> wait_for=<Future pending cb=[Task.task_wakeup()]>>
ERROR:asyncio:Task was destroyed but it is pending!
task: <Task pending name='Task-35' coro=<PeerConnection._start() running at /home/liliu/Desktop/bittorrent/multi_file_pieces/pieces/protocol.py:91> wait_for=<Future pending cb=[Task.task_wakeup()]>>
ERROR:asyncio:Task was destroyed but it is pending!
task: <Task pending name='Task-34' coro=<PeerConnection._start() running at /home/liliu/Desktop/bittorrent/multi_file_pieces/pieces/protocol.py:91> wait_for=<Future pending cb=[Task.task_wakeup()]>>
ERROR:asyncio:Task was destroyed but it is pending!
task: <Task pending name='Task-33' coro=<PeerConnection._start() running at /home/liliu/Desktop/bittorrent/multi_file_pieces/pieces/protocol.py:91> wait_for=<Future pending cb=[Task.task_wakeup()]>>
ERROR:asyncio:Task was destroyed but it is pending!
task: <Task pending name='Task-32' coro=<PeerConnection._start() running at /home/liliu/Desktop/bittorrent/multi_file_pieces/pieces/protocol.py:91> wait_for=<Future pending cb=[Task.task_wakeup()]>>
ERROR:asyncio:Task was destroyed but it is pending!
task: <Task pending name='Task-31' coro=<PeerConnection._start() running at /home/liliu/Desktop/bittorrent/multi_file_pieces/pieces/protocol.py:91> wait_for=<Future pending cb=[Task.task_wakeup()]>>
ERROR:asyncio:Task was destroyed but it is pending!
task: <Task pending name='Task-30' coro=<PeerConnection._start() running at /home/liliu/Desktop/bittorrent/multi_file_pieces/pieces/protocol.py:91> wait_for=<Future pending cb=[Task.task_wakeup()]>>
ERROR:asyncio:Task was destroyed but it is pending!
task: <Task pending name='Task-29' coro=<PeerConnection._start() running at /home/liliu/Desktop/bittorrent/multi_file_pieces/pieces/protocol.py:91> wait_for=<Future pending cb=[Task.task_wakeup()]>>
ERROR:asyncio:Task was destroyed but it is pending!
task: <Task pending name='Task-28' coro=<PeerConnection._start() running at /home/liliu/Desktop/bittorrent/multi_file_pieces/pieces/protocol.py:91> wait_for=<Future pending cb=[Task.task_wakeup()]>>
ERROR:asyncio:Task was destroyed but it is pending!
task: <Task pending name='Task-27' coro=<PeerConnection._start() running at /home/liliu/Desktop/bittorrent/multi_file_pieces/pieces/protocol.py:91> wait_for=<Future pending cb=[Task.task_wakeup()]>>
ERROR:asyncio:Task was destroyed but it is pending!
task: <Task pending name='Task-26' coro=<PeerConnection._start() running at /home/liliu/Desktop/bittorrent/multi_file_pieces/pieces/protocol.py:91> wait_for=<Future pending cb=[Task.task_wakeup()]>>
ERROR:asyncio:Task was destroyed but it is pending!
task: <Task pending name='Task-25' coro=<PeerConnection._start() running at /home/liliu/Desktop/bittorrent/multi_file_pieces/pieces/protocol.py:91> wait_for=<Future pending cb=[Task.task_wakeup()]>>
ERROR:asyncio:Task was destroyed but it is pending!
task: <Task pending name='Task-24' coro=<PeerConnection._start() running at /home/liliu/Desktop/bittorrent/multi_file_pieces/pieces/protocol.py:91> wait_for=<Future pending cb=[Task.task_wakeup()]>>
ERROR:asyncio:Task was destroyed but it is pending!
task: <Task pending name='Task-23' coro=<PeerConnection._start() running at /home/liliu/Desktop/bittorrent/multi_file_pieces/pieces/protocol.py:91> wait_for=<Future pending cb=[Task.task_wakeup()]>>
ERROR:asyncio:Task was destroyed but it is pending!
task: <Task pending name='Task-22' coro=<PeerConnection._start() running at /home/liliu/Desktop/bittorrent/multi_file_pieces/pieces/protocol.py:91> wait_for=<Future pending cb=[Task.task_wakeup()]>>
ERROR:asyncio:Task was destroyed but it is pending!
task: <Task pending name='Task-21' coro=<PeerConnection._start() running at /home/liliu/Desktop/bittorrent/multi_file_pieces/pieces/protocol.py:91> wait_for=<Future pending cb=[Task.task_wakeup()]>>
ERROR:asyncio:Task was destroyed but it is pending!
task: <Task pending name='Task-20' coro=<PeerConnection._start() running at /home/liliu/Desktop/bittorrent/multi_file_pieces/pieces/protocol.py:91> wait_for=<Future pending cb=[Task.task_wakeup()]>>
ERROR:asyncio:Task was destroyed but it is pending!
task: <Task pending name='Task-19' coro=<PeerConnection._start() running at /home/liliu/Desktop/bittorrent/multi_file_pieces/pieces/protocol.py:91> wait_for=<Future pending cb=[Task.task_wakeup()]>>
ERROR:asyncio:Task was destroyed but it is pending!
task: <Task pending name='Task-18' coro=<PeerConnection._start() running at /home/liliu/Desktop/bittorrent/multi_file_pieces/pieces/protocol.py:91> wait_for=<Future pending cb=[Task.task_wakeup()]>>
ERROR:asyncio:Task was destroyed but it is pending!
task: <Task pending name='Task-17' coro=<PeerConnection._start() running at /home/liliu/Desktop/bittorrent/multi_file_pieces/pieces/protocol.py:91> wait_for=<Future pending cb=[Task.task_wakeup()]>>
ERROR:asyncio:Task was destroyed but it is pending!
task: <Task pending name='Task-16' coro=<PeerConnection._start() running at /home/liliu/Desktop/bittorrent/multi_file_pieces/pieces/protocol.py:91> wait_for=<Future pending cb=[Task.task_wakeup()]>>
ERROR:asyncio:Task was destroyed but it is pending!
task: <Task pending name='Task-15' coro=<PeerConnection._start() running at /home/liliu/Desktop/bittorrent/multi_file_pieces/pieces/protocol.py:91> wait_for=<Future pending cb=[Task.task_wakeup()]>>
ERROR:asyncio:Task was destroyed but it is pending!
task: <Task pending name='Task-14' coro=<PeerConnection._start() running at /home/liliu/Desktop/bittorrent/multi_file_pieces/pieces/protocol.py:91> wait_for=<Future pending cb=[Task.task_wakeup()]>>
ERROR:asyncio:Task was destroyed but it is pending!
task: <Task pending name='Task-13' coro=<PeerConnection._start() running at /home/liliu/Desktop/bittorrent/multi_file_pieces/pieces/protocol.py:91> wait_for=<Future pending cb=[Task.task_wakeup()]>>
ERROR:asyncio:Task was destroyed but it is pending!
task: <Task pending name='Task-12' coro=<PeerConnection._start() running at /home/liliu/Desktop/bittorrent/multi_file_pieces/pieces/protocol.py:91> wait_for=<Future pending cb=[Task.task_wakeup()]>>
ERROR:asyncio:Task was destroyed but it is pending!
task: <Task pending name='Task-11' coro=<PeerConnection._start() running at /home/liliu/Desktop/bittorrent/multi_file_pieces/pieces/protocol.py:91> wait_for=<Future pending cb=[Task.task_wakeup()]>>
ERROR:asyncio:Task was destroyed but it is pending!
task: <Task pending name='Task-10' coro=<PeerConnection._start() running at /home/liliu/Desktop/bittorrent/multi_file_pieces/pieces/protocol.py:91> wait_for=<Future pending cb=[Task.task_wakeup()]>>
ERROR:asyncio:Task was destroyed but it is pending!
task: <Task pending name='Task-9' coro=<PeerConnection._start() running at /home/liliu/Desktop/bittorrent/multi_file_pieces/pieces/protocol.py:91> wait_for=<Future pending cb=[Task.task_wakeup()]>>
ERROR:asyncio:Task was destroyed but it is pending!
task: <Task pending name='Task-8' coro=<PeerConnection._start() running at /home/liliu/Desktop/bittorrent/multi_file_pieces/pieces/protocol.py:91> wait_for=<Future pending cb=[Task.task_wakeup()]>>
ERROR:asyncio:Task was destroyed but it is pending!
task: <Task pending name='Task-7' coro=<PeerConnection._start() running at /home/liliu/Desktop/bittorrent/multi_file_pieces/pieces/protocol.py:91> wait_for=<Future pending cb=[Task.task_wakeup()]>>
ERROR:asyncio:Task was destroyed but it is pending!
task: <Task pending name='Task-6' coro=<PeerConnection._start() running at /home/liliu/Desktop/bittorrent/multi_file_pieces/pieces/protocol.py:91> wait_for=<Future pending cb=[Task.task_wakeup()]>>
ERROR:asyncio:Task was destroyed but it is pending!
task: <Task pending name='Task-5' coro=<PeerConnection._start() running at /home/liliu/Desktop/bittorrent/multi_file_pieces/pieces/protocol.py:91> wait_for=<Future pending cb=[Task.task_wakeup()]>>
ERROR:asyncio:Task was destroyed but it is pending!
task: <Task pending name='Task-4' coro=<PeerConnection._start() running at /home/liliu/Desktop/bittorrent/multi_file_pieces/pieces/protocol.py:91> wait_for=<Future pending cb=[Task.task_wakeup()]>>
ERROR:asyncio:Task was destroyed but it is pending!
task: <Task pending name='Task-3' coro=<PeerConnection._start() running at /home/liliu/Desktop/bittorrent/multi_file_pieces/pieces/protocol.py:91> wait_for=<Future pending cb=[Task.task_wakeup()]>>
ERROR:asyncio:Task was destroyed but it is pending!
task: <Task pending name='Task-2' coro=<PeerConnection._start() running at /home/liliu/Desktop/bittorrent/multi_file_pieces/pieces/protocol.py:91> wait_for=<Future pending cb=[Task.task_wakeup()]>>
ERROR:asyncio:Unclosed connector
connections: ['[(<aiohttp.client_proto.ResponseHandler object at 0x7f7cf61838e0>, 6020.230729289)]']
connector: <aiohttp.connector.TCPConnector object at 0x7f7cf6173c70>
